"../../../../../../Projects/Timeloop/UE/Content/Assets/CUBE_TEST_UNREAL.uasset" 0
"../../../../../../Projects/Timeloop/UE/Content/Blueprints/Door_deactivator.uasset" 1
"../../../../../../Projects/Timeloop/UE/Content/FirstPerson/Character/Mesh/SK_Mannequin_Arms_Skeleton.uasset" 2
"../../../../../../Projects/Timeloop/UE/Content/FirstPerson/Animations/FirstPerson_Fire.uasset" 3
"../../../../../../Projects/Timeloop/UE/Content/FirstPerson/Animations/FirstPersonFire_Montage.uasset" 4
"../../../../../../Projects/Timeloop/UE/Content/FirstPerson/Audio/FirstPersonTemplateWeaponFire02.uasset" 5
"../../../Engine/Content/EditorBlueprintResources/StandardMacros.uasset" 6
"../../../../../../Projects/Timeloop/UE/Content/FirstPerson/Animations/FirstPerson_Run.uasset" 7
"../../../../../../Projects/Timeloop/UE/Content/FirstPerson/Animations/FirstPerson_JumpStart.uasset" 8
"../../../../../../Projects/Timeloop/UE/Content/FirstPerson/Animations/FirstPerson_JumpLoop.uasset" 9
"../../../../../../Projects/Timeloop/UE/Content/FirstPerson/Animations/FirstPerson_JumpEnd.uasset" 10
"../../../../../../Projects/Timeloop/UE/Content/FirstPerson/Animations/FirstPerson_Idle.uasset" 11
"../../../../../../Projects/Timeloop/UE/Content/FirstPerson/Animations/FirstPerson_AnimBP.uasset" 12
"../../../../../../Projects/Timeloop/UE/Content/FirstPerson/Character/Mesh/FirstPersonAnimBlueprint_Copy.uasset" 13
"../../../../../../Projects/Timeloop/UE/Content/FirstPerson/Character/Materials/MaterialLayers/T_ML_Aluminum01.uasset" 14
"../../../../../../Projects/Timeloop/UE/Content/FirstPerson/Character/Materials/MaterialLayers/T_ML_Aluminum01_N.uasset" 15
"../../../../../../Projects/Timeloop/UE/Content/FirstPerson/Character/Materials/MaterialLayers/ML_SoftMetal_UE4.uasset" 16
"../../../../../../Projects/Timeloop/UE/Content/FirstPerson/Character/Textures/UE4_LOGO_CARD.uasset" 17
"../../../../../../Projects/Timeloop/UE/Content/FirstPerson/Character/Materials/MaterialLayers/ML_Plastic_Shiny_Beige_LOGO.uasset" 18
"../../../../../../Projects/Timeloop/UE/Content/FirstPerson/Character/Materials/MaterialLayers/ML_Plastic_Shiny_Beige.uasset" 19
"../../../../../../Projects/Timeloop/UE/Content/FirstPerson/Character/Materials/MaterialLayers/T_ML_Rubber_Blue_01_D.uasset" 20
"../../../../../../Projects/Timeloop/UE/Content/FirstPerson/Character/Materials/MaterialLayers/T_ML_Rubber_Blue_01_N.uasset" 21
"../../../../../../Projects/Timeloop/UE/Content/FirstPerson/Character/Materials/MaterialLayers/ML_GlossyBlack_Latex_UE4.uasset" 22
"../../../Engine/Content/Functions/MaterialLayerFunctions/MatLayerBlend_Simple.uasset" 23
"../../../Engine/Content/Functions/Engine_MaterialFunctions02/Utility/BlendAngleCorrectedNormals.uasset" 24
"../../../Engine/Content/Functions/MaterialLayerFunctions/MatLayerBlend_NormalBlend.uasset" 25
"../../../../../../Projects/Timeloop/UE/Content/FirstPerson/Character/Textures/UE4_Mannequin__normals.uasset" 26
"../../../../../../Projects/Timeloop/UE/Content/FirstPerson/Character/Textures/UE4_Mannequin_MAT_MASKA.uasset" 27
"../../../../../../Projects/Timeloop/UE/Content/FirstPerson/Character/Materials/M_UE4Man_Body.uasset" 28
"../../../../../../Projects/Timeloop/UE/Content/FirstPerson/Character/Mesh/SK_Mannequin_Arms_PhysicsAsset.uasset" 29
"../../../../../../Projects/Timeloop/UE/Content/FirstPerson/Character/Mesh/SK_Mannequin_Arms.uasset" 30
"../../../../../../Projects/Timeloop/UE/Content/FirstPerson/FPWeapon/Materials/MaterialLayers/ML_Plastic_Shiny_Beige_LOGO.uasset" 31
"../../../../../../Projects/Timeloop/UE/Content/FirstPerson/FPWeapon/Materials/MaterialLayers/T_ML_FineRubber.uasset" 32
"../../../../../../Projects/Timeloop/UE/Content/FirstPerson/FPWeapon/Materials/MaterialLayers/T_ML_Rubber_Blue_01_D.uasset" 33
"../../../../../../Projects/Timeloop/UE/Content/FirstPerson/FPWeapon/Materials/MaterialLayers/T_ML_Rubber_Blue_01_N.uasset" 34
"../../../../../../Projects/Timeloop/UE/Content/FirstPerson/FPWeapon/Materials/MaterialLayers/ML_GlossyBlack_Latex_UE4.uasset" 35
"../../../../../../Projects/Timeloop/UE/Content/FirstPerson/FPWeapon/Materials/MaterialLayers/ML_Plastic_Shiny_Beige.uasset" 36
"../../../../../../Projects/Timeloop/UE/Content/FirstPerson/FPWeapon/Materials/MaterialLayers/ML_Screen.uasset" 37
"../../../../../../Projects/Timeloop/UE/Content/FirstPerson/FPWeapon/Materials/MaterialLayers/T_ML_Aluminum01.uasset" 38
"../../../../../../Projects/Timeloop/UE/Content/FirstPerson/FPWeapon/Materials/MaterialLayers/T_ML_Aluminum01_N.uasset" 39
"../../../../../../Projects/Timeloop/UE/Content/FirstPerson/FPWeapon/Materials/MaterialLayers/ML_SoftMetal_UE4.uasset" 40
"../../../../../../Projects/Timeloop/UE/Content/FirstPerson/FPWeapon/Textures/T_FPGun_M.uasset" 41
"../../../../../../Projects/Timeloop/UE/Content/FirstPerson/FPWeapon/Textures/T_FPGun_N.uasset" 42
"../../../../../../Projects/Timeloop/UE/Content/FirstPerson/FPWeapon/Materials/M_FPGun.uasset" 43
"../../../../../../Projects/Timeloop/UE/Content/FirstPerson/FPWeapon/Mesh/SK_FPGun_Skeleton.uasset" 44
"../../../../../../Projects/Timeloop/UE/Content/FirstPerson/FPWeapon/Mesh/SK_FPGun.uasset" 45
"../../../../../../Projects/Timeloop/UE/Content/FirstPerson/FPWeapon/Mesh/SK_FPGun_PhysicsAsset.uasset" 46
"../../../../../../Projects/Timeloop/UE/Content/FirstPerson/Meshes/BaseMaterial.uasset" 47
"../../../../../../Projects/Timeloop/UE/Content/FirstPerson/Meshes/CubeMaterialOverride.uasset" 48
"../../../../../../Projects/Timeloop/UE/Content/FirstPersonBP/FirstPersonOverview.uasset" 49
"../../../../../../Projects/Timeloop/UE/Content/FirstPerson/Meshes/FirstPersonProjectileMaterial.uasset" 50
"../../../../../../Projects/Timeloop/UE/Content/FirstPerson/Meshes/FirstPersonProjectileMesh.uasset" 51
"../../../../../../Projects/Timeloop/UE/Content/FirstPersonBP/Blueprints/FirstPersonProjectile.uasset" 52
"../../../../../../Projects/Timeloop/UE/Content/Geometry/Meshes/CubeMaterial.uasset" 53
"../../../../../../Projects/Timeloop/UE/Content/Geometry/Meshes/1M_Cube_Chamfer.uasset" 54
"../../../../../../Projects/Timeloop/UE/Content/Geometry/Meshes/1M_Cube.uasset" 55
"../../../../../../Projects/Timeloop/UE/Content/FirstPersonBP/Blueprints/Deprecated/FirstPersonCharacter.uasset" 56
"../../../../../../Projects/Timeloop/UE/Content/Geometry/TimeLoop/House/lambert1.uasset" 57
"../../../../../../Projects/Timeloop/UE/Content/Geometry/TimeLoop/House/Door_Base.uasset" 58
"../../../../../../Projects/Timeloop/UE/Content/FirstPerson/Textures/FirstPersonCrosshair.uasset" 59
"../../../../../../Projects/Timeloop/UE/Content/Scripts/HUD.uasset" 60
"../../../../../../Projects/Timeloop/UE/Content/Scripts/Personagem.uasset" 61
"../../../../../../Projects/Timeloop/UE/Content/Scripts/ThisGameMode.uasset" 62
"../../../../../../Projects/Timeloop/UE/Content/Scripts/FirstPersonGameMode.uasset" 63
"../../../Engine/Content/Animation/DefaultAnimBoneCompressionSettings.uasset" 64
"../../../Engine/Content/Animation/DefaultAnimCurveCompressionSettings.uasset" 65
"../../../Engine/Content/EngineMaterials/T_Default_Material_Grid_N.uasset" 66
"../../../Engine/Content/EngineMaterials/T_Default_Material_Grid_M.uasset" 67
"../../../Engine/Content/Functions/Engine_MaterialFunctions01/Opacity/CameraDepthFade.uasset" 68
"../../../Engine/Content/EngineMaterials/WorldGridMaterial.uasset" 69
"../../../Engine/Content/ArtTools/RenderToTexture/Meshes/S_1_Unit_Plane.uasset" 70
"../../../Engine/Content/EngineMaterials/DefaultMaterial.uasset" 71
"../../../Engine/Content/BasicShapes/Cone.uasset" 72
"../../../Engine/Content/BasicShapes/Sphere.uasset" 73
"../../../Engine/Content/EditorLandscapeResources/DataLayer.uasset" 74
"../../../Engine/Content/EditorLandscapeResources/DefaultAlphaTexture.uasset" 75
"../../../Engine/Content/EditorMaterials/MAT_Groups_Toggle.uasset" 76
"../../../Engine/Content/EditorMaterials/MAT_Groups_Visibility.uasset" 77
"../../../Engine/Content/EditorMaterials/PreviewShadowIndicator.uasset" 78
"../../../Engine/Content/EditorMaterials/PreviewShadowIndicatorMaterial.uasset" 79
"../../../Engine/Content/EditorMaterials/MatineeGroups/MAT_ColorTrack.uasset" 80
"../../../Engine/Content/EditorMaterials/MatineeGroups/MAT_Groups_Anim.uasset" 81
"../../../Engine/Content/EditorMaterials/MatineeGroups/MAT_Groups_AudioMaster.uasset" 82
"../../../Engine/Content/EditorMaterials/MatineeGroups/MAT_Groups_Director.uasset" 83
"../../../Engine/Content/EditorMaterials/MatineeGroups/MAT_Groups_Event.uasset" 84
"../../../Engine/Content/EditorMaterials/MatineeGroups/MAT_Groups_Fade.uasset" 85
"../../../Engine/Content/EditorMaterials/MatineeGroups/MAT_Groups_Float.uasset" 86
"../../../Engine/Content/EditorMaterials/MatineeGroups/MAT_Groups_Move.uasset" 87
"../../../Engine/Content/EditorMaterials/MatineeGroups/MAT_Groups_Slomo.uasset" 88
"../../../Engine/Content/EditorMaterials/MatineeGroups/MAT_Groups_Sound.uasset" 89
"../../../Engine/Content/EditorMaterials/MatineeGroups/MAT_Groups_Vector.uasset" 90
"../../../Engine/Content/EditorMaterials/ParticleSystems/PSysThumbnail_NoImage.uasset" 91
"../../../Engine/Content/EditorMaterials/ParticleSystems/PSysThumbnail_OOD.uasset" 92
"../../../Engine/Content/EditorMaterials/Camera/CineMat.uasset" 93
"../../../Engine/Content/EditorMaterials/Camera/MI_CineMat_Rig.uasset" 94
"../../../Engine/Content/EditorMeshes/Camera/SM_CraneRig_Arm.uasset" 95
"../../../Engine/Content/EditorMeshes/Camera/SM_CraneRig_Base.uasset" 96
"../../../Engine/Content/EditorMeshes/Camera/SM_CraneRig_Body.uasset" 97
"../../../Engine/Content/EditorMeshes/Camera/SM_CraneRig_Mount.uasset" 98
"../../../Engine/Content/EditorMeshes/Camera/SM_RailRig_Mount.uasset" 99
"../../../Engine/Content/EditorMeshes/Camera/SM_RailRig_Track.uasset" 100
"../../../Engine/Content/EditorResources/BSPVertex.uasset" 101
"../../../Engine/Content/EditorResources/EmptyActor.uasset" 102
"../../../Engine/Content/EditorResources/S_Actor.uasset" 103
"../../../Engine/Content/EditorResources/S_Note.uasset" 104
"../../../Engine/Content/EditorResources/S_Solver.uasset" 105
"../../../Engine/Content/EditorResources/S_Terrain.uasset" 106
"../../../Engine/Content/EditorResources/S_Trigger.uasset" 107
"../../../Engine/Content/EditorResources/LightIcons/S_LightError.uasset" 108
"../../../Engine/Content/EditorResources/SequenceRecorder/Countdown.uasset" 109
"../../../Engine/Content/EditorResources/SequenceRecorder/RecordingIndicator.uasset" 110
"../../../Engine/Content/EngineDamageTypes/DmgTypeBP_Environmental.uasset" 111
"../../../Engine/Content/EngineDebugMaterials/DebugEditorMaterial.uasset" 112
"../../../Engine/Content/EngineDebugMaterials/DebugMeshMaterial.uasset" 113
"../../../Engine/Content/EngineDebugMaterials/M_SimpleUnlitTranslucent.uasset" 114
"../../../Engine/Content/EngineDebugMaterials/VolumeToRender.uasset" 115
"../../../Engine/Content/Functions/Engine_MaterialFunctions02/Utility/CameraDirectionVector.uasset" 116
"../../../Engine/Content/EngineDebugMaterials/M_VolumeRenderSphereTracePP.uasset" 117
"../../../Engine/Content/Functions/Engine_MaterialFunctions01/Shading/ConvertFromDiffSpec.uasset" 118
"../../../Engine/Content/EngineDebugMaterials/VertexColorMaterial.uasset" 119
"../../../Engine/Content/EngineDebugMaterials/WireframeMaterial.uasset" 120
"../../../Engine/Content/EngineFonts/Faces/RobotoRegular.uasset" 121
"../../../Engine/Content/EngineFonts/Faces/RobotoLight.uasset" 122
"../../../Engine/Content/EngineFonts/Faces/RobotoItalic.uasset" 123
"../../../Engine/Content/EngineFonts/Faces/RobotoBoldItalic.uasset" 124
"../../../Engine/Content/EngineFonts/Faces/RobotoBold.uasset" 125
"../../../Engine/Content/EngineFonts/Faces/DroidSansFallback.uasset" 126
"../../../Engine/Content/EngineFonts/Roboto.uasset" 127
"../../../Engine/Content/EngineMaterials/BaseFlattenNormalMap.uasset" 128
"../../../Engine/Content/EngineMaterials/BaseFlattenGrayscaleMap.uasset" 129
"../../../Engine/Content/EngineMaterials/BaseFlattenEmissiveMap.uasset" 130
"../../../Engine/Content/EngineMaterials/BaseFlattenDiffuseMap.uasset" 131
"../../../Engine/Content/EngineMaterials/BaseFlattenMaterial.uasset" 132
"../../../Engine/Content/EngineMaterials/BlueNoise.uasset" 133
"../../../Engine/Content/EngineMaterials/DefaultBloomKernel.uasset" 134
"../../../Engine/Content/EngineMaterials/DefaultBokeh.uasset" 135
"../../../Engine/Content/EngineMaterials/DefaultDiffuse.uasset" 136
"../../../Engine/Content/EngineMaterials/DefaultDeferredDecalMaterial.uasset" 137
"../../../Engine/Content/EngineMaterials/DefaultLightFunctionMaterial.uasset" 138
"../../../Engine/Content/EngineMaterials/DefaultPhysicalMaterial.uasset" 139
"../../../Engine/Content/Functions/Engine_MaterialFunctions02/Utility/BreakOutFloat2Components.uasset" 140
"../../../Engine/Content/EngineMaterials/DefaultPostProcessMaterial.uasset" 141
"../../../Engine/Content/EngineFonts/RobotoDistanceField.uasset" 142
"../../../Engine/Content/EngineMaterials/DefaultTextMaterialOpaque.uasset" 143
"../../../Engine/Content/EngineMaterials/DefaultWhiteGrid.uasset" 144
"../../../Engine/Content/EngineMaterials/DefaultWhiteGrid_Low.uasset" 145
"../../../Engine/Content/EngineMaterials/EmissiveMeshMaterial.uasset" 146
"../../../Engine/Content/EngineMaterials/GizmoMaterial.uasset" 147
"../../../Engine/Content/EngineMaterials/Good64x64TilingNoiseHighFreq.uasset" 148
"../../../Engine/Content/EngineMaterials/MiniFont.uasset" 149
"../../../Engine/Content/EngineMaterials/InvalidLightmapSettings.uasset" 150
"../../../Engine/Content/EngineMaterials/M_InvalidLightmapSettings.uasset" 151
"../../../Engine/Content/Functions/Engine_MaterialFunctions02/WorldPositionOffset/CameraOffset.uasset" 152
"../../../Engine/Content/EngineMaterials/PhAT_JointLimitMaterial.uasset" 153
"../../../Engine/Content/EngineMaterials/PreintegratedSkinBRDF.uasset" 154
"../../../Engine/Content/EngineMaterials/RemoveSurfaceMaterial.uasset" 155
"../../../Engine/Content/EngineMaterials/WeightMapPlaceholderTexture.uasset" 156
"../../../Engine/Content/EngineResources/WhiteSquareTexture.uasset" 157
"../../../Engine/Content/EngineMaterials/Widget3DPassThrough.uasset" 158
"../../../Engine/Content/EngineMaterials/Widget3DPassThrough_Masked.uasset" 159
"../../../Engine/Content/EngineMaterials/Widget3DPassThrough_Opaque.uasset" 160
"../../../Engine/Content/EngineMaterials/Widget3DPassThrough_Masked_OneSided.uasset" 161
"../../../Engine/Content/EngineMaterials/Widget3DPassThrough_Opaque_OneSided.uasset" 162
"../../../Engine/Content/EngineMaterials/Widget3DPassThrough_Translucent.uasset" 163
"../../../Engine/Content/EngineMaterials/Widget3DPassThrough_Translucent_OneSided.uasset" 164
"../../../Engine/Content/EngineMeshes/Cylinder.uasset" 165
"../../../Engine/Content/EngineMeshes/Sphere.uasset" 166
"../../../Engine/Content/EngineResources/Black.uasset" 167
"../../../Engine/Content/EngineResources/DefaultTextureCube.uasset" 168
"../../../Engine/Content/EngineResources/DefaultVolumeTexture2D.uasset" 169
"../../../Engine/Content/EngineResources/DefaultVolumeTexture.uasset" 170
"../../../Engine/Content/EngineResources/GradientTexture0.uasset" 171
"../../../Engine/Content/EngineSky/VolumetricClouds/T_NoiseShape64.uasset" 172
"../../../Engine/Content/EngineSky/VolumetricClouds/T_VolumeNoiseShape64.uasset" 173
"../../../Engine/Content/EngineSky/VolumetricClouds/T_NoiseErosion.uasset" 174
"../../../Engine/Content/EngineSky/VolumetricClouds/T_VolumeNoiseErosion32.uasset" 175
"../../../Engine/Content/EngineSky/VolumetricClouds/CloudWeatherTexture.uasset" 176
"../../../Engine/Content/EngineSky/VolumetricClouds/CloudGradientTexture.uasset" 177
"../../../Engine/Content/Functions/Engine_MaterialFunctions02/Utility/MakeFloat2.uasset" 178
"../../../Engine/Content/EngineSky/VolumetricClouds/m_SimpleVolumetricCloud.uasset" 179
"../../../Engine/Content/EngineSky/VolumetricClouds/m_SimpleVolumetricCloud_Inst.uasset" 180
"../../../Engine/Content/EngineSounds/Master.uasset" 181
"../../../Engine/Content/Functions/Engine_MaterialFunctions01/Shading/PowerToRoughness.uasset" 182
"../../../Engine/Content/Maps/Templates/Thumbnails/Default.uasset" 183
"../../../Engine/Content/Maps/Templates/Thumbnails/TimeOfDay.uasset" 184
"../../../Engine/Content/Maps/Templates/Thumbnails/VR-Basic.uasset" 185
"../../../Engine/Content/MobileResources/T_MobileControls_texture.uasset" 186
"../../../Engine/Content/MobileResources/T_MobileMenu2.uasset" 187
"../../../Engine/Content/MobileResources/HUD/AnalogHat.uasset" 188
"../../../Engine/Content/MobileResources/HUD/VirtualJoystick_Thumb.uasset" 189
"../../../Engine/Content/MobileResources/HUD/VirtualJoystick_Background.uasset" 190
"../../../Engine/Content/MobileResources/HUD/DefaultVirtualJoysticks.uasset" 191
"../../../Engine/Content/MobileResources/HUD/LeftVirtualJoystickOnly.uasset" 192
"../../../Engine/Content/MobileResources/HUD/MobileHUDButton1_off.uasset" 193
"../../../Engine/Content/MobileResources/HUD/MobileHUDButton1_on.uasset" 194
"../../../Engine/Content/MobileResources/HUD/MobileHUDButton2_off.uasset" 195
"../../../Engine/Content/MobileResources/HUD/MobileHUDButton2_on.uasset" 196
"../../../Engine/Content/MobileResources/HUD/MobileHUDButton3.uasset" 197
"../../../Engine/Content/MobileResources/HUD/MobileHUDButtonFire.uasset" 198
"../../../Engine/Content/MobileResources/HUD/MobileHUDDirectionPad.uasset" 199
"../../../Engine/Content/MobileResources/HUD/MobileHUDDirectionPad2.uasset" 200
"../../../Engine/Content/MobileResources/HUD/MobileHUDDirectionPad3.uasset" 201
"../../../Engine/Content/MobileResources/HUD/MobileHUDDirectionStick.uasset" 202
"../../../Engine/Content/MobileResources/HUD/T_Castle_ThumbstickInner.uasset" 203
"../../../Engine/Content/MobileResources/HUD/T_Castle_ThumbstickOutter.uasset" 204
"../../../Engine/Content/Tutorial/ContentIntroCurve.uasset" 205
"../../../Engine/Content/Tutorial/Basics/LevelEditorAttract.uasset" 206
"../../../Engine/Content/VREditor/TransformGizmo/TranslucentTransformGizmoMaterial.uasset" 207
"../../../Engine/Content/VREditor/LaserPointer/VR_LaserPower_01.uasset" 208
"../../../Engine/Content/VREditor/TransformGizmo/TransformGizmoMaterial.uasset" 209
"../../../Engine/Content/VREditor/TransformGizmo/BoundingBoxCorner.uasset" 210
"../../../Engine/Content/VREditor/TransformGizmo/BoundingBoxEdge.uasset" 211
"../../../Engine/Content/VREditor/TransformGizmo/PlaneTranslationHandle.uasset" 212
"../../../Engine/Content/VREditor/TransformGizmo/Xray.uasset" 213
"../../../Engine/Content/VREditor/TransformGizmo/Main.uasset" 214
"../../../Engine/Content/VREditor/TransformGizmo/SM_Sequencer_Key.uasset" 215
"../../../Engine/Content/VREditor/TransformGizmo/SM_Sequencer_Node.uasset" 216
"../../Plugins/2D/Paper2D/Content/PlaceholderTextures/DummySpriteTexture.uasset" 217
"../../Plugins/2D/Paper2D/Content/DummySprite.uasset" 218
"../../Plugins/2D/Paper2D/Content/DefaultPaperTerrainMaterial.uasset" 219
"../../Plugins/2D/Paper2D/Content/DefaultSpriteMaterial.uasset" 220
"../../Plugins/2D/Paper2D/Content/MaskedUnlitSpriteMaterial.uasset" 221
"../../Plugins/2D/Paper2D/Content/OpaqueUnlitSpriteMaterial.uasset" 222
"../../../Engine/Content/Functions/Engine_MaterialFunctions02/ObjectLocalBounds.uasset" 223
"../../../Engine/Content/Functions/Engine_MaterialFunctions02/Utility/BreakOutFloat3Components.uasset" 224
"../../Plugins/Editor/SpeedTreeImporter/Content/SpeedTree9/UnpackInteger3.uasset" 225
"../../Plugins/Editor/SpeedTreeImporter/Content/SpeedTree9/UnpackDirection.uasset" 226
"../../Plugins/Editor/SpeedTreeImporter/Content/SpeedTree9/game_wind_noise.uasset" 227
"../../../Engine/Content/Functions/Engine_MaterialFunctions02/SafeNormalize.uasset" 228
"../../Plugins/Editor/SpeedTreeImporter/Content/SpeedTree9/SpeedTreeWindMotion.uasset" 229
"../../Plugins/Editor/SpeedTreeImporter/Content/SpeedTree9/SpeedTreeBranchMotion.uasset" 230
"../../../Engine/Content/Functions/Engine_MaterialFunctions02/UVs/BoundingBoxBased_0-1_UVW.uasset" 231
"../../Plugins/Editor/SpeedTreeImporter/Content/SpeedTree9/SpeedTreeWind.uasset" 232
"../../Plugins/Editor/SpeedTreeImporter/Content/SpeedTree9/SpeedTreeBillboard.uasset" 233
"../../../Engine/Content/EngineResources/DefaultTexture.uasset" 234
"../../Plugins/Editor/SpeedTreeImporter/Content/SpeedTree9/SpeedTreeBillboardMaster.uasset" 235
"../../Plugins/Editor/SpeedTreeImporter/Content/SpeedTree9/SpeedTreeCameraFacing.uasset" 236
"../../Plugins/Editor/SpeedTreeImporter/Content/SpeedTree9/SpeedTreeMaster.uasset" 237
"../../../Engine/Content/BasicShapes/Cylinder.uasset" 238
"../../../Engine/Content/ArtTools/RenderToTexture/Materials/Debug/M_Emissive_Color.uasset" 239
"../../Plugins/Lumin/MagicLeapPassableWorld/Content/MagicLeapARPinInfoActor.uasset" 240
"../../../Engine/Content/Functions/Engine_MaterialFunctions02/Utility/BreakOutFloat4Components.uasset" 241
"../../../Engine/Content/Functions/Engine_MaterialFunctions02/Utility/MakeFloat3.uasset" 242
"../../Plugins/Runtime/Oculus/OculusVR/Content/Materials/OculusMR_ChromaKey.uasset" 243
"../../Plugins/Runtime/Oculus/OculusVR/Content/Materials/OculusMR_OpaqueColoredMaterial.uasset" 244
"../../Plugins/Runtime/Oculus/OculusVR/Content/Materials/PokeAHoleMaterial.uasset" 245
"../../../../../../Projects/Timeloop/UE/Content/FirstPersonBP/Blueprints/FirstPersonCharacter.uasset" 246
"../../../../../../Projects/Timeloop/UE/Content/Materials/Glass.uasset" 247
"../../../Engine/Content/BasicShapes/Cube.uasset" 248
"../../../../../../Projects/Timeloop/UE/Content/Blueprints/Window.uasset" 249
"../../../../../../Projects/Timeloop/UE/Content/Materials/Blue.uasset" 250
"../../../../../../Projects/Timeloop/UE/Content/Blueprints/Key_1_Blueprint.uasset" 251
"../../../../../../Projects/Timeloop/UE/Content/Materials/Wood.uasset" 252
"../../../../../../Projects/Timeloop/UE/Content/Blueprints/Door.uasset" 253
"../../../../../../Projects/Timeloop/UE/Content/Maps/Cycle_1.umap" 254
"../../../../../../Projects/Timeloop/UE/Content/Materials/C12.uasset" 255
"../../../../../../Projects/Timeloop/UE/Content/Maps/Cycle_2.umap" 256
"../../../../../../Projects/Timeloop/UE/Content/Assets/final_objective.uasset" 257
"../../../../../../Projects/Timeloop/UE/Content/Assets/will_text.uasset" 258
"../../../../../../Projects/Timeloop/UE/Content/Assets/will_text_Mat.uasset" 259
"../../../../../../Projects/Timeloop/UE/Content/Maps/Cycle_3.umap" 260
"../../../../../../Projects/Timeloop/UE/Content/Maps/Playroom.umap" 261
"../../../../../../Projects/Timeloop/UE/Content/Materials/House_Textures/wall_05_kitchen_bathroom_storeroom_texture_Base_Color.uasset" 262
"../../../../../../Projects/Timeloop/UE/Content/Geometry/TimeLoop/House/wall_05_kitchen_bathroom_storeroom_texture.uasset" 263
"../../../../../../Projects/Timeloop/UE/Content/Geometry/TimeLoop/House/House_Base_wall_05.uasset" 264
"../../../../../../Projects/Timeloop/UE/Content/Materials/House_Textures/wall_03_and_04_texture_Base_Color.uasset" 265
"../../../../../../Projects/Timeloop/UE/Content/Geometry/TimeLoop/House/wall_03_and_04_texture.uasset" 266
"../../../../../../Projects/Timeloop/UE/Content/Geometry/TimeLoop/House/House_Base_wall_04.uasset" 267
"../../../../../../Projects/Timeloop/UE/Content/Geometry/TimeLoop/House/House_Base_wall_03.uasset" 268
"../../../../../../Projects/Timeloop/UE/Content/Materials/House_Textures/wall_01_and_02_texture_Base_Color.uasset" 269
"../../../../../../Projects/Timeloop/UE/Content/Geometry/TimeLoop/House/wall_01_and_02_texture.uasset" 270
"../../../../../../Projects/Timeloop/UE/Content/Geometry/TimeLoop/House/House_Base_wall_02.uasset" 271
"../../../../../../Projects/Timeloop/UE/Content/Geometry/TimeLoop/House/House_Base_wall_01.uasset" 272
"../../../../../../Projects/Timeloop/UE/Content/Geometry/TimeLoop/House/House_Base_store_room_wall.uasset" 273
"../../../../../../Projects/Timeloop/UE/Content/Materials/House_Textures/first_floor_and_stairs_texture_Base_Color.uasset" 274
"../../../../../../Projects/Timeloop/UE/Content/Geometry/TimeLoop/House/first_floor_and_stairs_texture.uasset" 275
"../../../../../../Projects/Timeloop/UE/Content/Geometry/TimeLoop/House/House_Base_stairs.uasset" 276
"../../../../../../Projects/Timeloop/UE/Content/Materials/House_Textures/second_floor_texture_Roughness.uasset" 277
"../../../../../../Projects/Timeloop/UE/Content/Materials/House_Textures/second_floor_texture_Base_Color.uasset" 278
"../../../../../../Projects/Timeloop/UE/Content/Geometry/TimeLoop/House/second_floor_texture.uasset" 279
"../../../../../../Projects/Timeloop/UE/Content/Geometry/TimeLoop/House/House_Base_second_floor.uasset" 280
"../../../../../../Projects/Timeloop/UE/Content/Materials/House_Textures/roof_texture_Base_Color.uasset" 281
"../../../../../../Projects/Timeloop/UE/Content/Geometry/TimeLoop/House/roof_texture.uasset" 282
"../../../../../../Projects/Timeloop/UE/Content/Geometry/TimeLoop/House/House_Base_roof.uasset" 283
"../../../../../../Projects/Timeloop/UE/Content/Materials/House_Textures/second_floor_rooms_texture_Base_Color.uasset" 284
"../../../../../../Projects/Timeloop/UE/Content/Geometry/TimeLoop/House/second_floor_rooms_texture.uasset" 285
"../../../../../../Projects/Timeloop/UE/Content/Geometry/TimeLoop/House/House_Base_parents_room.uasset" 286
"../../../../../../Projects/Timeloop/UE/Content/Geometry/TimeLoop/House/House_Base_kitchen.uasset" 287
"../../../../../../Projects/Timeloop/UE/Content/Geometry/TimeLoop/House/House_Base_first_floor.uasset" 288
"../../../../../../Projects/Timeloop/UE/Content/Geometry/TimeLoop/House/House_Base_character_room.uasset" 289
"../../../../../../Projects/Timeloop/UE/Content/Geometry/TimeLoop/House/House_Base_bathroom_wall_door.uasset" 290
"../../../../../../Projects/Timeloop/UE/Content/Geometry/Meshes/TemplateFloor.uasset" 291
"../../../Engine/Content/MapTemplates/SM_Template_Map_Floor.uasset" 292
"../../../Engine/Content/EngineSky/T_Sky_Stars.uasset" 293
"../../../Engine/Content/EngineSky/T_Sky_Clouds_M.uasset" 294
"../../../Engine/Content/EngineSky/T_Sky_Blue.uasset" 295
"../../../Engine/Content/EngineSky/M_Sky_Panning_Clouds2.uasset" 296
"../../../Engine/Content/EngineSky/SM_SkySphere.uasset" 297
"../../../Engine/Content/EngineSky/C_Sky_Zenith_Color.uasset" 298
"../../../Engine/Content/EngineSky/C_Sky_Horizon_Color.uasset" 299
"../../../Engine/Content/EngineSky/C_Sky_Cloud_Color.uasset" 300
"../../../Engine/Content/EngineSky/BP_Sky_Sphere.uasset" 301
"../../../../../../Projects/Timeloop/UE/Content/Maps/House_1.umap" 302
"../../../../../../Projects/Timeloop/UE/Content/Geometry/TimeLoop/lambert1.uasset" 303
"../../../../../../Projects/Timeloop/UE/Content/Geometry/TimeLoop/Door_Base.uasset" 304
"../../../../../../Projects/Timeloop/UE/Content/Maps/Meshes_Import_BuiltData.uasset" 305
"../../../../../../Projects/Timeloop/UE/Content/Maps/Meshes_Import.umap" 306
"../../../Engine/Content/BasicShapes/BasicShapeMaterial.uasset" 307
"../../../../../../Projects/Timeloop/UE/Content/CustomGewometry/Wall_Window.uasset" 308
"../../../../../../Projects/Timeloop/UE/Content/CustomGewometry/Wall_Door.uasset" 309
"../../../Engine/Content/BasicShapes/Plane.uasset" 310
"../../../../../../Projects/Timeloop/UE/Content/Materials/Alpha.uasset" 311
"../../../../../../Projects/Timeloop/UE/Content/FirstPersonBP/Blueprints/FirstPersonHUD.uasset" 312
"../../../../../../Projects/Timeloop/UE/Content/FirstPersonBP/Blueprints/FirstPersonGameMode.uasset" 313
"../../../../../../Projects/Timeloop/UE/Content/Maps/The_Room_BuiltData.uasset" 314
"../../../../../../Projects/Timeloop/UE/Content/Maps/The_Room.umap" 315
"../../../../../../Projects/Timeloop/UE/Content/Levels/House_1_BuiltData.uasset" 316
"../../../../../../Projects/Timeloop/UE/Content/Meshes/FullPot.uasset" 317
"../../../../../../Projects/Timeloop/UE/Content/Levels/House_1.umap" 318
"../../../../../../Projects/Timeloop/UE/Content/Levels/The_House_BuiltData.uasset" 319
"../../../../../../Projects/Timeloop/UE/Content/Levels/The_House.umap" 320
"../../../Engine/Content/Maps/Entry_BuiltData.uasset" 321
"../../../Engine/Content/Maps/Entry.umap" 322
